<?xml version="1.0" encoding="UTF-8"?>
<!-- Generated by org.testng.reporters.JUnitXMLReporter -->
<testsuite ignored="0" hostname="Alex" failures="0" tests="3" name="Default test" time="20.192" errors="0" timestamp="2025-01-26T22:25:30 GMT">
  <testcase classname="WebApplication.AutomationFramework.ActionsTest_Mutirun_jsondata" name="actionsConceptTest" time="7.483"/>
  <testcase classname="WebApplication.AutomationFramework.ActionsTest_Mutirun_jsondata" name="actionsConceptTest" time="4.742"/>
  <testcase classname="WebApplication.AutomationFramework.ActionsTest_Mutirun_jsondata" name="actionsConceptTest" time="5.227"/>
</testsuite> <!-- Default test -->
